<?xml version="1.0" encoding="UTF-8"?>
<!-- Generated by org.testng.reporters.JUnitReportReporter -->
<testsuite hostname="Gojira" name="org.BasicCucumber.Runner.Runner" tests="1" failures="0" timestamp="9 Feb 2019 18:13:07 GMT" time="30.233" errors="0">
  <testcase name="feature" time="30.233" classname="org.BasicCucumber.Runner.Runner"/>
</testsuite> <!-- org.BasicCucumber.Runner.Runner -->
